<?xml version="1.0" encoding="UTF-8" ?>
<testsuite errors="0" failures="0" hostname="mtilsner-laptop" name="SearchControllerTests" tests="1" time="0.444" timestamp="2009-04-06T21:22:59">
  <properties />
  <testcase classname="SearchControllerTests" name="testSomething" time="0.442" />
  <system-out><![CDATA[--Output from testSomething--
]]></system-out>
  <system-err><![CDATA[--Output from testSomething--
]]></system-err>
</testsuite>
