<?xml version="1.0" encoding="UTF-8" ?>
<testsuite errors="0" failures="0" hostname="mtilsner-laptop" name="TopicColorTests" tests="1" time="0.038" timestamp="2009-04-06T21:23:00">
  <properties />
  <testcase classname="TopicColorTests" name="testSomething" time="0.038" />
  <system-out><![CDATA[--Output from testSomething--
]]></system-out>
  <system-err><![CDATA[--Output from testSomething--
]]></system-err>
</testsuite>
